c:\users\sony\source\repos\rt-graphics-insertion\rt-graphics-insertion\x64\debug\qrc_rtgraphicsinsertion.obj
c:\users\sony\source\repos\rt-graphics-insertion\rt-graphics-insertion\x64\debug\moc_rtgraphicsinsertion.obj
c:\users\sony\source\repos\rt-graphics-insertion\rt-graphics-insertion\x64\debug\main.obj
c:\users\sony\source\repos\rt-graphics-insertion\rt-graphics-insertion\x64\debug\rtgraphicsinsertion.obj
c:\users\sony\source\repos\rt-graphics-insertion\rt-graphics-insertion\x64\debug\vc141.pdb
c:\users\sony\source\repos\rt-graphics-insertion\x64\debug\rt-graphics-insertion.ilk
c:\users\sony\source\repos\rt-graphics-insertion\x64\debug\rt-graphics-insertion.exe
c:\users\sony\source\repos\rt-graphics-insertion\x64\debug\rt-graphics-insertion.pdb
c:\users\sony\source\repos\rt-graphics-insertion\rt-graphics-insertion\.\generatedfiles\debug\moc_rtgraphicsinsertion.cpp
c:\users\sony\source\repos\rt-graphics-insertion\rt-graphics-insertion\.\generatedfiles\qrc_rtgraphicsinsertion.cpp
c:\users\sony\source\repos\rt-graphics-insertion\rt-graphics-insertion\generatedfiles\qrc_rtgraphicsinsertion.cpp
c:\users\sony\source\repos\rt-graphics-insertion\rt-graphics-insertion\generatedfiles\debug\moc_rtgraphicsinsertion.cpp
c:\users\sony\source\repos\rt-graphics-insertion\rt-graphics-insertion\x64\debug\vibe.cu.cache
c:\users\sony\source\repos\rt-graphics-insertion\rt-graphics-insertion\x64\debug\vibe.cu.obj
c:\users\sony\source\repos\rt-graphics-insertion\rt-graphics-insertion\x64\debug\rt-graph.b12702ad.tlog\cl.11076.write.1.tlog
c:\users\sony\source\repos\rt-graphics-insertion\rt-graphics-insertion\x64\debug\rt-graph.b12702ad.tlog\cl.command.1.tlog
c:\users\sony\source\repos\rt-graphics-insertion\rt-graphics-insertion\x64\debug\rt-graph.b12702ad.tlog\cl.read.1.tlog
c:\users\sony\source\repos\rt-graphics-insertion\rt-graphics-insertion\x64\debug\rt-graph.b12702ad.tlog\link.command.1.tlog
c:\users\sony\source\repos\rt-graphics-insertion\rt-graphics-insertion\x64\debug\rt-graph.b12702ad.tlog\link.read.1.tlog
c:\users\sony\source\repos\rt-graphics-insertion\rt-graphics-insertion\x64\debug\rt-graph.b12702ad.tlog\link.write.1.tlog
c:\users\sony\source\repos\rt-graphics-insertion\rt-graphics-insertion\x64\debug\rt-graph.b12702ad.tlog\moc.read.1u.tlog
c:\users\sony\source\repos\rt-graphics-insertion\rt-graphics-insertion\x64\debug\rt-graph.b12702ad.tlog\moc.write.1u.tlog
c:\users\sony\source\repos\rt-graphics-insertion\rt-graphics-insertion\x64\debug\rt-graph.b12702ad.tlog\rcc.read.1u.tlog
c:\users\sony\source\repos\rt-graphics-insertion\rt-graphics-insertion\x64\debug\rt-graph.b12702ad.tlog\rcc.write.1u.tlog
c:\users\sony\source\repos\rt-graphics-insertion\rt-graphics-insertion\x64\debug\rt-graph.b12702ad.tlog\rt-graphics-insertion.write.1u.tlog
